caddy/test_project/samples/apidemo/build/outputs/logs/manifest-merger-debug-report.txt
-- Merging decision tree log ---
manifest
ADDED from src\main\AndroidManifest.xml:2:1-128:12
	package
		ADDED from src\main\AndroidManifest.xml:3:5-36
		INJECTED from src\main\AndroidManifest.xml
		INJECTED from src\main\AndroidManifest.xml
	android:versionName
		INJECTED from src\main\AndroidManifest.xml
		INJECTED from src\main\AndroidManifest.xml
	xmlns:android
		ADDED from src\main\AndroidManifest.xml:2:11-69
	android:versionCode
		INJECTED from src\main\AndroidManifest.xml
		INJECTED from src\main\AndroidManifest.xml
uses-permission#android.permission.BLUETOOTH
ADDED from src\main\AndroidManifest.xml:5:5-68
MERGED from [samples:FriendsLink-ble:unspecified] AndroidManifest.xml:11:5-68
	android:name
		ADDED from src\main\AndroidManifest.xml:5:22-65
uses-permission#android.permission.BLUETOOTH_ADMIN
ADDED from src\main\AndroidManifest.xml:6:5-74
MERGED from [samples:FriendsLink-ble:unspecified] AndroidManifest.xml:12:5-74
	android:name
		ADDED from src\main\AndroidManifest.xml:6:22-71
uses-permission#android.permission.ACCESS_FINE_LOCATION
ADDED from src\main\AndroidManifest.xml:7:5-79
MERGED from [samples:FriendsLink-wifi:unspecified] AndroidManifest.xml:17:5-79
MERGED from [samples:FriendsLink-ble:unspecified] AndroidManifest.xml:13:5-79
	android:name
		ADDED from src\main\AndroidManifest.xml:7:22-76
uses-permission#android.permission.INTERNET
ADDED from src\main\AndroidManifest.xml:9:5-67
MERGED from [samples:FriendsLink-wifi:unspecified] AndroidManifest.xml:14:5-67
	android:name
		ADDED from src\main\AndroidManifest.xml:9:22-64
uses-permission#android.permission.ACCESS_NETWORK_STATE
ADDED from src\main\AndroidManifest.xml:10:5-79
MERGED from [samples:FriendsLink-wifi:unspecified] AndroidManifest.xml:16:5-79
	android:name
		ADDED from src\main\AndroidManifest.xml:10:22-76
uses-permission#android.permission.ACCESS_WIFI_STATE
ADDED from src\main\AndroidManifest.xml:11:5-76
MERGED from [samples:FriendsLink-wifi:unspecified] AndroidManifest.xml:11:5-76
	android:name
		ADDED from src\main\AndroidManifest.xml:11:22-73
uses-permission#android.permission.CHANGE_WIFI_STATE
ADDED from src\main\AndroidManifest.xml:12:5-76
MERGED from [samples:FriendsLink-wifi:unspecified] AndroidManifest.xml:12:5-76
	android:name
		ADDED from src\main\AndroidManifest.xml:12:22-73
uses-permission#android.permission.CHANGE_WIFI_MULTICAST_STATE
ADDED from src\main\AndroidManifest.xml:14:5-85
	android:name
		ADDED from src\main\AndroidManifest.xml:14:22-83
uses-permission#android.permission.READ_EXTERNAL_STORAGE
ADDED from src\main\AndroidManifest.xml:16:5-80
	android:name
		ADDED from src\main\AndroidManifest.xml:16:22-77
uses-permission#android.permission.WRITE_EXTERNAL_STORAGE
ADDED from src\main\AndroidManifest.xml:17:5-81
	android:name
		ADDED from src\main\AndroidManifest.xml:17:22-78
application
ADDED from src\main\AndroidManifest.xml:19:5-126:19
MERGED from [com.android.support:appcompat-v7:23.1.1] AndroidManifest.xml:22:5-20
MERGED from [com.android.support:support-v4:23.1.1] AndroidManifest.xml:22:5-20
MERGED from [com.google.android.gms:play-services-appindexing:8.1.0] AndroidManifest.xml:19:5-20
MERGED from [com.google.android.gms:play-services-basement:8.1.0] AndroidManifest.xml:20:5-24:19
MERGED from [com.android.support:support-v4:23.1.1] AndroidManifest.xml:22:5-20
MERGED from [com.github.ParkSangGwon:TedPermission:v1.0.12] AndroidManifest.xml:9:5-13:19
MERGED from [com.android.support:appcompat-v7:23.1.1] AndroidManifest.xml:22:5-20
MERGED from [com.android.support:support-v4:23.1.1] AndroidManifest.xml:22:5-20
MERGED from [samples:osclibrary:unspecified] AndroidManifest.xml:11:5-15:19
MERGED from [com.android.support:appcompat-v7:23.1.1] AndroidManifest.xml:22:5-20
MERGED from [com.android.support:support-v4:23.1.1] AndroidManifest.xml:22:5-20
MERGED from [samples:FriendsLink-wifi:unspecified] AndroidManifest.xml:20:5-24:19
MERGED from [samples:FriendsLink-octopus:unspecified] AndroidManifest.xml:12:5-20
MERGED from [samples:FriendsLink-ble:unspecified] AndroidManifest.xml:15:5-20:19
	android:label
		ADDED from src\main\AndroidManifest.xml:22:9-41
	android:supportsRtl
		ADDED from src\main\AndroidManifest.xml:23:9-35
	android:allowBackup
		ADDED from src\main\AndroidManifest.xml:20:9-35
	android:icon
		ADDED from src\main\AndroidManifest.xml:21:9-43
	android:theme
		ADDED from src\main\AndroidManifest.xml:24:9-40
	android:name
		ADDED from src\main\AndroidManifest.xml:25:9-49
activity#com.lge.friendsCamera.CaddyMainActivity
ADDED from src\main\AndroidManifest.xml:27:9-36:20
	android:screenOrientation
		ADDED from src\main\AndroidManifest.xml:29:13-49
	android:name
		ADDED from src\main\AndroidManifest.xml:28:13-67
intent-filter#android.intent.action.MAIN+android.intent.category.DEFAULT+android.intent.category.LAUNCHER
ADDED from src\main\AndroidManifest.xml:30:13-35:29
action#android.intent.action.MAIN
ADDED from src\main\AndroidManifest.xml:31:17-69
	android:name
		ADDED from src\main\AndroidManifest.xml:31:25-66
category#android.intent.category.DEFAULT
ADDED from src\main\AndroidManifest.xml:33:17-76
	android:name
		ADDED from src\main\AndroidManifest.xml:33:27-73
category#android.intent.category.LAUNCHER
ADDED from src\main\AndroidManifest.xml:34:17-77
	android:name
		ADDED from src\main\AndroidManifest.xml:34:27-74
activity#com.lge.friendsCamera.MainActivity
ADDED from src\main\AndroidManifest.xml:38:9-45:20
	android:screenOrientation
		ADDED from src\main\AndroidManifest.xml:40:13-49
	android:name
		ADDED from src\main\AndroidManifest.xml:39:13-62
intent-filter#android.intent.category.DEFAULT+android.intent.category.LAUNCHER
ADDED from src\main\AndroidManifest.xml:41:13-44:29
activity#com.lge.friendsCamera.CameraFileListViewActivity
ADDED from src\main\AndroidManifest.xml:46:9-52:20
	android:screenOrientation
		ADDED from src\main\AndroidManifest.xml:48:13-49
	android:name
		ADDED from src\main\AndroidManifest.xml:47:13-76
intent-filter#android.intent.action.VIEW
ADDED from src\main\AndroidManifest.xml:49:13-51:29
action#android.intent.action.VIEW
ADDED from src\main\AndroidManifest.xml:50:17-69
	android:name
		ADDED from src\main\AndroidManifest.xml:50:25-66
activity#com.lge.friendsCamera.DownloadFileListViewActivity
ADDED from src\main\AndroidManifest.xml:53:9-59:20
	android:screenOrientation
		ADDED from src\main\AndroidManifest.xml:55:13-49
	android:name
		ADDED from src\main\AndroidManifest.xml:54:13-78
activity#com.lge.friendsCamera.RecordVideoActivity
ADDED from src\main\AndroidManifest.xml:60:9-66:20
	android:screenOrientation
		ADDED from src\main\AndroidManifest.xml:62:13-49
	android:name
		ADDED from src\main\AndroidManifest.xml:61:13-69
activity#com.lge.friendsCamera.Splash
ADDED from src\main\AndroidManifest.xml:68:9-74:20
	android:screenOrientation
		ADDED from src\main\AndroidManifest.xml:70:13-49
	android:name
		ADDED from src\main\AndroidManifest.xml:69:13-56
meta-data#com.google.android.gms.version
ADDED from src\main\AndroidManifest.xml:79:9-81:69
MERGED from [com.google.android.gms:play-services-basement:8.1.0] AndroidManifest.xml:21:9-23:69
	android:value
		ADDED from src\main\AndroidManifest.xml:81:13-66
	android:name
		ADDED from src\main\AndroidManifest.xml:80:13-58
activity#com.lge.friendsCamera.ConnectionActivity
ADDED from src\main\AndroidManifest.xml:87:9-93:20
	android:screenOrientation
		ADDED from src\main\AndroidManifest.xml:89:13-49
	android:name
		ADDED from src\main\AndroidManifest.xml:88:13-68
activity#com.lge.friendsCamera.Caddy_Activity_index1
ADDED from src\main\AndroidManifest.xml:94:9-100:20
	android:screenOrientation
		ADDED from src\main\AndroidManifest.xml:96:13-49
	android:name
		ADDED from src\main\AndroidManifest.xml:95:13-71
activity#com.lge.friendsCamera.Caddy_Activity_index2
ADDED from src\main\AndroidManifest.xml:101:9-108:20
	android:screenOrientation
		ADDED from src\main\AndroidManifest.xml:103:13-49
	android:name
		ADDED from src\main\AndroidManifest.xml:102:13-71
activity#com.lge.friendsCamera.Caddy_Activity_index3
ADDED from src\main\AndroidManifest.xml:109:9-116:20
	android:screenOrientation
		ADDED from src\main\AndroidManifest.xml:111:13-49
	android:name
		ADDED from src\main\AndroidManifest.xml:110:13-71
activity#com.lge.friendsCamera.Caddy_Activity_index4
ADDED from src\main\AndroidManifest.xml:117:9-124:20
	android:screenOrientation
		ADDED from src\main\AndroidManifest.xml:119:13-49
	android:name
		ADDED from src\main\AndroidManifest.xml:118:13-71
uses-sdk
INJECTED from src\main\AndroidManifest.xml reason: use-sdk injection requested
MERGED from [com.android.support:appcompat-v7:23.1.1] AndroidManifest.xml:20:5-43
MERGED from [com.android.support:support-v4:23.1.1] AndroidManifest.xml:20:5-43
MERGED from [com.google.android.gms:play-services-appindexing:8.1.0] AndroidManifest.xml:18:5-42
MERGED from [com.google.android.gms:play-services-basement:8.1.0] AndroidManifest.xml:18:5-42
MERGED from [com.android.support:support-v4:23.1.1] AndroidManifest.xml:20:5-43
MERGED from [com.github.ParkSangGwon:TedPermission:v1.0.12] AndroidManifest.xml:5:5-7:41
MERGED from [com.android.support:appcompat-v7:23.1.1] AndroidManifest.xml:20:5-43
MERGED from [com.android.support:support-v4:23.1.1] AndroidManifest.xml:20:5-43
MERGED from [samples:osclibrary:unspecified] AndroidManifest.xml:7:5-9:41
MERGED from [com.android.support:appcompat-v7:23.1.1] AndroidManifest.xml:20:5-43
MERGED from [com.android.support:support-v4:23.1.1] AndroidManifest.xml:20:5-43
MERGED from [samples:FriendsLink-wifi:unspecified] AndroidManifest.xml:7:5-9:41
MERGED from [samples:FriendsLink-octopus:unspecified] AndroidManifest.xml:8:5-10:41
MERGED from [samples:FriendsLink-ble:unspecified] AndroidManifest.xml:7:5-9:41
	android:targetSdkVersion
		INJECTED from src\main\AndroidManifest.xml
		INJECTED from src\main\AndroidManifest.xml
	android:minSdkVersion
		INJECTED from src\main\AndroidManifest.xml
		INJECTED from src\main\AndroidManifest.xml
activity#com.gun0912.tedpermission.TedPermissionActivity
ADDED from [com.github.ParkSangGwon:TedPermission:v1.0.12] AndroidManifest.xml:10:9-12:56
	android:theme
		ADDED from [com.github.ParkSangGwon:TedPermission:v1.0.12] AndroidManifest.xml:12:13-53
	android:name
		ADDED from [com.github.ParkSangGwon:TedPermission:v1.0.12] AndroidManifest.xml:11:13-75
uses-permission#android.permission.WRITE_SETTINGS
ADDED from [samples:FriendsLink-wifi:unspecified] AndroidManifest.xml:13:5-73
	android:name
		ADDED from [samples:FriendsLink-wifi:unspecified] AndroidManifest.xml:13:22-70
uses-permission#android.permission.CHANGE_NETWORK_STATE
ADDED from [samples:FriendsLink-wifi:unspecified] AndroidManifest.xml:15:5-79
	android:name
		ADDED from [samples:FriendsLink-wifi:unspecified] AndroidManifest.xml:15:22-76
uses-permission#android.permission.PEERS_MAC_ADDRESS
ADDED from [samples:FriendsLink-wifi:unspecified] AndroidManifest.xml:18:5-76
	android:name
		ADDED from [samples:FriendsLink-wifi:unspecified] AndroidManifest.xml:18:22-73
service#com.lge.octopus.tentacles.wifi.client.WifiClientService
ADDED from [samples:FriendsLink-wifi:unspecified] AndroidManifest.xml:21:9-23:38
	android:enabled
		ADDED from [samples:FriendsLink-wifi:unspecified] AndroidManifest.xml:23:13-35
	android:name
		ADDED from [samples:FriendsLink-wifi:unspecified] AndroidManifest.xml:22:13-83
service#com.lge.octopus.tentacles.ble.central.CentralGattService
ADDED from [samples:FriendsLink-ble:unspecified] AndroidManifest.xml:16:9-18:38
	android:enabled
		ADDED from [samples:FriendsLink-ble:unspecified] AndroidManifest.xml:18:13-35
	android:name
		ADDED from [samples:FriendsLink-ble:unspecified] AndroidManifest.xml:17:13-84